Running 62270n01 case ...  จ. 7 ธ.ค. 2558 16:58:04 ICT
Finished ...  จ. 7 ธ.ค. 2558 16:59:49 ICT
Running 62270a01 case ...  จ. 7 ธ.ค. 2558 17:02:06 ICT
Finished ...  จ. 7 ธ.ค. 2558 17:03:52 ICT
Running 62270n01 case ...  อ. 26 ม.ค. 2559 13:47:29 ICT
Finished ...  อ. 26 ม.ค. 2559 13:49:15 ICT
Running 62270n01 case ...  อ. 26 ม.ค. 2559 13:51:48 ICT
Finished ...  อ. 26 ม.ค. 2559 13:52:56 ICT
Running 62270n01 case ...  อ. 26 ม.ค. 2559 18:16:28 ICT
Finished ...  อ. 26 ม.ค. 2559 18:17:04 ICT
Running 62270n01 case ...  อ. 26 ม.ค. 2559 18:17:39 ICT
Finished ...  อ. 26 ม.ค. 2559 18:19:33 ICT
Running 62270n01 case ...  อ. 26 ม.ค. 2559 18:20:20 ICT
Finished ...  อ. 26 ม.ค. 2559 18:20:37 ICT
Running 62270n01 case ...  อ. 26 ม.ค. 2559 18:22:30 ICT
Finished ...  อ. 26 ม.ค. 2559 18:22:58 ICT
Running 62270n01 case ...  อ. 26 ม.ค. 2559 18:23:33 ICT
Finished ...  อ. 26 ม.ค. 2559 18:23:47 ICT
Running 62270n01 case ...  อ. 26 ม.ค. 2559 18:24:03 ICT
Finished ...  อ. 26 ม.ค. 2559 18:24:18 ICT
Running 62270n01 case ...  อ. 26 ม.ค. 2559 18:27:10 ICT
Finished ...  อ. 26 ม.ค. 2559 18:28:54 ICT
Running 62270n01 case ...  อ. 26 ม.ค. 2559 18:32:35 ICT
Finished ...  อ. 26 ม.ค. 2559 18:34:19 ICT
Running 62270n01 case ...  อ. 26 ม.ค. 2559 18:37:33 ICT
Finished ...  อ. 26 ม.ค. 2559 18:39:18 ICT
Running 62270n01 case ...  อ. 26 ม.ค. 2559 18:41:35 ICT
Finished ...  อ. 26 ม.ค. 2559 18:43:19 ICT
Running 62270n01 case ...  อ. 26 ม.ค. 2559 18:44:23 ICT
Finished ...  อ. 26 ม.ค. 2559 18:46:06 ICT
Running 62270n01 case ...  อ. 26 ม.ค. 2559 18:47:55 ICT
Finished ...  อ. 26 ม.ค. 2559 18:49:41 ICT
Running 62270n01 case ...  อ. 26 ม.ค. 2559 18:54:33 ICT
Finished ...  อ. 26 ม.ค. 2559 18:56:19 ICT
Running 62270n01 case ...  อ. 26 ม.ค. 2559 18:57:26 ICT
Finished ...  อ. 26 ม.ค. 2559 18:58:47 ICT
Running 62270n01 case ...  อ. 26 ม.ค. 2559 19:00:47 ICT
Finished ...  อ. 26 ม.ค. 2559 19:00:55 ICT
Running 62270n0 case ...  พ. 27 ม.ค. 2559 10:55:59 ICT
Running 62270n01 case ...  พ. 27 ม.ค. 2559 10:56:03 ICT
Finished ...  พ. 27 ม.ค. 2559 10:57:25 ICT
Running 62270n01 case ...  พ. 27 ม.ค. 2559 10:59:10 ICT
Finished ...  พ. 27 ม.ค. 2559 11:01:12 ICT
Running 62270n01 case ...  พ. 27 ม.ค. 2559 11:02:53 ICT
Finished ...  พ. 27 ม.ค. 2559 11:03:36 ICT
Running 62270n01 case ...  พ. 27 ม.ค. 2559 11:04:12 ICT
Finished ...  พ. 27 ม.ค. 2559 11:06:13 ICT
Running 62270n01 case ...  พ. 27 ม.ค. 2559 11:08:28 ICT
Finished ...  พ. 27 ม.ค. 2559 11:08:52 ICT
Running 62270n01 case ...  พ. 27 ม.ค. 2559 11:09:54 ICT
Finished ...  พ. 27 ม.ค. 2559 11:10:18 ICT
Running 62270n01 case ...  พ. 27 ม.ค. 2559 11:11:38 ICT
Finished ...  พ. 27 ม.ค. 2559 11:12:01 ICT
Running 62270n01 case ...  พ. 27 ม.ค. 2559 11:12:38 ICT
Finished ...  พ. 27 ม.ค. 2559 11:13:02 ICT
Running 62270n01 case ...  พ. 27 ม.ค. 2559 11:14:10 ICT
Finished ...  พ. 27 ม.ค. 2559 11:16:12 ICT
Running 62270n01 case ...  พ. 27 ม.ค. 2559 11:17:00 ICT
Finished ...  พ. 27 ม.ค. 2559 11:18:58 ICT
Running 62270n01 case ...  พ. 27 ม.ค. 2559 11:19:55 ICT
Finished ...  พ. 27 ม.ค. 2559 11:21:07 ICT
Running 62270n01 case ...  พ. 27 ม.ค. 2559 11:21:57 ICT
Finished ...  พ. 27 ม.ค. 2559 11:23:23 ICT
Running 62270n01 case ...  พ. 27 ม.ค. 2559 11:24:04 ICT
Finished ...  พ. 27 ม.ค. 2559 11:25:39 ICT
Running 62270n01 case ...  พ. 27 ม.ค. 2559 11:27:36 ICT
Finished ...  พ. 27 ม.ค. 2559 11:28:33 ICT
Running 62270n01 case ...  พ. 27 ม.ค. 2559 11:30:44 ICT
Finished ...  พ. 27 ม.ค. 2559 11:32:06 ICT
Running 62270n01 case ...  พ. 27 ม.ค. 2559 11:32:58 ICT
Finished ...  พ. 27 ม.ค. 2559 11:33:21 ICT
Running 62270n01 case ...  พ. 27 ม.ค. 2559 11:34:12 ICT
Finished ...  พ. 27 ม.ค. 2559 11:35:14 ICT
Running 62270n01 case ...  พ. 27 ม.ค. 2559 11:36:20 ICT
Finished ...  พ. 27 ม.ค. 2559 11:36:58 ICT
Running 62270n01 case ...  พ. 27 ม.ค. 2559 11:40:27 ICT
Finished ...  พ. 27 ม.ค. 2559 11:41:05 ICT
Running 62270n01 case ...  พ. 27 ม.ค. 2559 11:41:32 ICT
Finished ...  พ. 27 ม.ค. 2559 11:42:29 ICT
Running 62270n01 case ...  พ. 27 ม.ค. 2559 11:42:54 ICT
Finished ...  พ. 27 ม.ค. 2559 11:43:52 ICT
Running 62270n01 case ...  พ. 27 ม.ค. 2559 11:44:56 ICT
Finished ...  พ. 27 ม.ค. 2559 11:46:42 ICT
Running 62270n01 case ...  พฤ. 18 ก.พ. 2559 09:26:12 ICT
Finished ...  พฤ. 18 ก.พ. 2559 09:27:58 ICT
Running 62270n01 case ...  พฤ. 18 ก.พ. 2559 09:35:31 ICT
Finished ...  พฤ. 18 ก.พ. 2559 09:37:18 ICT
Running 62270n01 case ...  พฤ. 18 ก.พ. 2559 09:38:47 ICT
Finished ...  พฤ. 18 ก.พ. 2559 09:40:28 ICT
Running 62270n01 case ...  พฤ. 18 ก.พ. 2559 09:41:14 ICT
Finished ...  พฤ. 18 ก.พ. 2559 09:42:56 ICT
Running 62270n01 case ...  อา. 21 ก.พ. 2559 18:00:29 ICT
Finished ...  อา. 21 ก.พ. 2559 18:02:29 ICT
Running 62270n01 case ...  อา. 21 ก.พ. 2559 18:03:30 ICT
Finished ...  อา. 21 ก.พ. 2559 18:03:33 ICT
Running 62270n01 case ...  อา. 21 ก.พ. 2559 18:03:49 ICT
Finished ...  อา. 21 ก.พ. 2559 18:05:50 ICT
Running 62270n01 case ...  อา. 21 ก.พ. 2559 18:06:15 ICT
Finished ...  อา. 21 ก.พ. 2559 18:08:26 ICT
Running 62270n01 case ...  อา. 21 ก.พ. 2559 18:09:31 ICT
Finished ...  อา. 21 ก.พ. 2559 18:11:06 ICT
Running 62270n01 case ...  อา. 21 ก.พ. 2559 18:12:00 ICT
Finished ...  อา. 21 ก.พ. 2559 18:14:10 ICT
Running 62270n01 case ...  จ. 22 ก.พ. 2559 11:53:34 ICT
Finished ...  จ. 22 ก.พ. 2559 11:55:25 ICT
Running 62270n01 case ...  จ. 22 ก.พ. 2559 11:57:16 ICT
Finished ...  จ. 22 ก.พ. 2559 11:59:06 ICT
Running 62270n01 case ...  จ. 22 ก.พ. 2559 13:11:32 ICT
Finished ...  จ. 22 ก.พ. 2559 13:12:52 ICT
Running 62270n01 case ...  จ. 22 ก.พ. 2559 13:13:47 ICT
Finished ...  จ. 22 ก.พ. 2559 13:14:49 ICT
Running 62270n01 case ...  จ. 22 ก.พ. 2559 13:15:35 ICT
Finished ...  จ. 22 ก.พ. 2559 13:16:51 ICT
Running 62270n01 case ...  จ. 22 ก.พ. 2559 13:17:44 ICT
Finished ...  จ. 22 ก.พ. 2559 13:18:11 ICT
Running 62270n01 case ...  จ. 22 ก.พ. 2559 13:18:40 ICT
Finished ...  จ. 22 ก.พ. 2559 13:20:01 ICT
Running 62270n01 case ...  จ. 22 ก.พ. 2559 13:20:22 ICT
Finished ...  จ. 22 ก.พ. 2559 13:22:32 ICT
Running 62270n01 case ...  จ. 22 ก.พ. 2559 13:22:58 ICT
Finished ...  จ. 22 ก.พ. 2559 13:25:06 ICT
Running 62270n01 case ...  จ. 22 ก.พ. 2559 13:25:22 ICT
Finished ...  จ. 22 ก.พ. 2559 13:26:01 ICT
Running 62270n01 case ...  จ. 22 ก.พ. 2559 13:26:25 ICT
Finished ...  จ. 22 ก.พ. 2559 13:27:42 ICT
Running 62270n01 case ...  จ. 22 ก.พ. 2559 13:28:18 ICT
Finished ...  จ. 22 ก.พ. 2559 13:29:36 ICT
Running 62270n01 case ...  จ. 22 ก.พ. 2559 13:30:11 ICT
Finished ...  จ. 22 ก.พ. 2559 13:31:28 ICT
Running 62270n01 case ...  จ. 22 ก.พ. 2559 13:32:49 ICT
Finished ...  จ. 22 ก.พ. 2559 13:32:58 ICT
Running 62270n01 case ...  จ. 22 ก.พ. 2559 13:33:24 ICT
Finished ...  จ. 22 ก.พ. 2559 13:35:33 ICT
Running 62270n01 case ...  จ. 22 ก.พ. 2559 13:36:12 ICT
Finished ...  จ. 22 ก.พ. 2559 13:37:55 ICT
Running 62270n01 case ...  จ. 22 ก.พ. 2559 13:38:40 ICT
Finished ...  จ. 22 ก.พ. 2559 13:40:22 ICT
Running 62270n01 case ...  จ. 22 ก.พ. 2559 13:41:02 ICT
Finished ...  จ. 22 ก.พ. 2559 13:42:44 ICT
Running 62270n01 case ...  จ. 22 ก.พ. 2559 13:43:33 ICT
Finished ...  จ. 22 ก.พ. 2559 13:45:08 ICT
Running 62270n01 case ...  จ. 22 ก.พ. 2559 13:47:25 ICT
Finished ...  จ. 22 ก.พ. 2559 13:48:45 ICT
Running 62270n01 case ...  จ. 22 ก.พ. 2559 13:49:55 ICT
Finished ...  จ. 22 ก.พ. 2559 13:51:36 ICT
Running 62270n01 case ...  จ. 22 ก.พ. 2559 13:51:57 ICT
Finished ...  จ. 22 ก.พ. 2559 13:53:40 ICT
Running 62270n01 case ...  จ. 22 ก.พ. 2559 13:54:21 ICT
Finished ...  จ. 22 ก.พ. 2559 13:56:26 ICT
Running 62270n01 case ...  จ. 22 ก.พ. 2559 13:57:39 ICT
Finished ...  จ. 22 ก.พ. 2559 13:59:46 ICT
Running 62270n01 case ...  จ. 22 ก.พ. 2559 14:00:29 ICT
Finished ...  จ. 22 ก.พ. 2559 14:02:35 ICT
Running 62270n01 case ...  จ. 22 ก.พ. 2559 14:05:48 ICT
Finished ...  จ. 22 ก.พ. 2559 14:07:55 ICT
Running 62270n01 case ...  จ. 22 ก.พ. 2559 14:08:26 ICT
Finished ...  จ. 22 ก.พ. 2559 14:10:33 ICT
Running 62270n01 case ...  จ. 22 ก.พ. 2559 14:12:34 ICT
Finished ...  จ. 22 ก.พ. 2559 14:14:41 ICT
Running 62270n01 case ...  จ. 22 ก.พ. 2559 14:15:46 ICT
Finished ...  จ. 22 ก.พ. 2559 14:16:29 ICT
Running 62270n01 case ...  จ. 22 ก.พ. 2559 14:16:47 ICT
Finished ...  จ. 22 ก.พ. 2559 14:17:42 ICT
Running 62270n01 case ...  จ. 22 ก.พ. 2559 14:18:27 ICT
Finished ...  จ. 22 ก.พ. 2559 14:19:06 ICT
Running 62270n01 case ...  จ. 22 ก.พ. 2559 14:19:24 ICT
Finished ...  จ. 22 ก.พ. 2559 14:21:31 ICT
Running 62270n01 case ...  จ. 22 ก.พ. 2559 14:22:00 ICT
Finished ...  จ. 22 ก.พ. 2559 14:24:08 ICT
Running 62270n01 case ...  จ. 22 ก.พ. 2559 14:26:04 ICT
Finished ...  จ. 22 ก.พ. 2559 14:28:08 ICT
Running 62270n01 case ...  จ. 22 ก.พ. 2559 14:28:38 ICT
Finished ...  จ. 22 ก.พ. 2559 14:30:12 ICT
Running 62270n01 case ...  จ. 22 ก.พ. 2559 14:30:30 ICT
Finished ...  จ. 22 ก.พ. 2559 14:32:36 ICT
Running 62270n01 case ...  จ. 22 ก.พ. 2559 14:33:16 ICT
Finished ...  จ. 22 ก.พ. 2559 14:35:20 ICT
Running 62270n01 case ...  จ. 22 ก.พ. 2559 14:36:26 ICT
Finished ...  จ. 22 ก.พ. 2559 14:37:54 ICT
Running 62270n01 case ...  จ. 22 ก.พ. 2559 14:38:30 ICT
Finished ...  จ. 22 ก.พ. 2559 14:39:58 ICT
Running 62270n01 case ...  จ. 22 ก.พ. 2559 14:40:27 ICT
Finished ...  จ. 22 ก.พ. 2559 14:42:32 ICT
Running 62270a01 case ...  จ. 22 ก.พ. 2559 14:43:58 ICT
Finished ...  จ. 22 ก.พ. 2559 14:44:23 ICT
Running 62270a01 case ...  จ. 22 ก.พ. 2559 14:45:45 ICT
Finished ...  จ. 22 ก.พ. 2559 14:47:52 ICT
Running 62270a01 case ...  จ. 22 ก.พ. 2559 14:49:48 ICT
Finished ...  จ. 22 ก.พ. 2559 14:50:05 ICT
Running 62270a01 case ...  จ. 22 ก.พ. 2559 14:50:56 ICT
Finished ...  จ. 22 ก.พ. 2559 14:53:04 ICT
